android/app/build/intermediates/manifest_merge_blame_file/debug/processDebugMainManifest/manifest-merger-blame-debug-report.txt
1<?xml version="1.0" encoding="utf-8"?>
2<manifest xmlns:android="http://schemas.android.com/apk/res/android"
3    package="com.newgate.pos"
4    android:versionCode="2"
5    android:versionName="2.0.0" >
6
7    <uses-sdk
8        android:minSdkVersion="24"
9        android:targetSdkVersion="36" />
10
11    <!-- POS Appliance Hardware & Network Permissions -->
12    <uses-permission android:name="android.permission.INTERNET" />
12-->src/main/AndroidManifest.xml:6:5-67
12-->src/main/AndroidManifest.xml:6:22-64
13    <uses-permission android:name="android.permission.ACCESS_NETWORK_STATE" />
13-->src/main/AndroidManifest.xml:7:5-79
13-->src/main/AndroidManifest.xml:7:22-76
14    <uses-permission android:name="android.permission.ACCESS_WIFI_STATE" />
14-->src/main/AndroidManifest.xml:8:5-76
14-->src/main/AndroidManifest.xml:8:22-73
15    <uses-permission android:name="android.permission.CHANGE_WIFI_MULTICAST_STATE" />
15-->src/main/AndroidManifest.xml:9:5-86
15-->src/main/AndroidManifest.xml:9:22-83
16
17    <!-- Thermal Printer & Peripherals (Bluetooth & USB) -->
18    <uses-permission
18-->src/main/AndroidManifest.xml:12:5-95
19        android:name="android.permission.BLUETOOTH"
19-->src/main/AndroidManifest.xml:12:22-65
20        android:maxSdkVersion="30" />
20-->src/main/AndroidManifest.xml:12:66-92
21    <uses-permission
21-->src/main/AndroidManifest.xml:13:5-101
22        android:name="android.permission.BLUETOOTH_ADMIN"
22-->src/main/AndroidManifest.xml:13:22-71
23        android:maxSdkVersion="30" />
23-->src/main/AndroidManifest.xml:13:72-98
24    <uses-permission android:name="android.permission.BLUETOOTH_CONNECT" />
24-->src/main/AndroidManifest.xml:14:5-76
24-->src/main/AndroidManifest.xml:14:22-73
25    <uses-permission
25-->src/main/AndroidManifest.xml:15:5-120
26        android:name="android.permission.BLUETOOTH_SCAN"
26-->src/main/AndroidManifest.xml:15:22-70
27        android:usesPermissionFlags="neverForLocation" />
27-->src/main/AndroidManifest.xml:15:71-117
28
29    <uses-feature
29-->src/main/AndroidManifest.xml:16:5-87
30        android:name="android.hardware.usb.host"
30-->src/main/AndroidManifest.xml:16:19-59
31        android:required="false" />
31-->src/main/AndroidManifest.xml:16:60-84
32    <uses-feature
32-->src/main/AndroidManifest.xml:17:5-88
33        android:name="android.hardware.bluetooth"
33-->src/main/AndroidManifest.xml:17:19-60
34        android:required="false" />
34-->src/main/AndroidManifest.xml:17:61-85
35
36    <!-- Camera / Integrated 2D Barcode Scanner -->
37    <uses-permission android:name="android.permission.CAMERA" />
37-->src/main/AndroidManifest.xml:20:5-65
37-->src/main/AndroidManifest.xml:20:22-62
38
39    <uses-feature
39-->src/main/AndroidManifest.xml:21:5-85
40        android:name="android.hardware.camera"
40-->src/main/AndroidManifest.xml:21:19-57
41        android:required="false" />
41-->src/main/AndroidManifest.xml:21:58-82
42
43    <!-- Device Kiosk & Reliability -->
44    <uses-permission android:name="android.permission.WAKE_LOCK" />
44-->src/main/AndroidManifest.xml:24:5-68
44-->src/main/AndroidManifest.xml:24:22-65
45    <uses-permission android:name="android.permission.RECEIVE_BOOT_COMPLETED" />
45-->src/main/AndroidManifest.xml:25:5-81
45-->src/main/AndroidManifest.xml:25:22-78
46    <uses-permission android:name="android.permission.USE_BIOMETRIC" /> <!-- suppress DeprecatedClassUsageInspection -->
46-->[androidx.biometric:biometric:1.1.0] AndroidManifest.xml:24:5-72
46-->[androidx.biometric:biometric:1.1.0] AndroidManifest.xml:24:22-69
47    <uses-permission android:name="android.permission.USE_FINGERPRINT" />
47-->[androidx.biometric:biometric:1.1.0] AndroidManifest.xml:27:5-74
47-->[androidx.biometric:biometric:1.1.0] AndroidManifest.xml:27:22-71
48
49    <permission
49-->[androidx.core:core:1.17.0] AndroidManifest.xml:22:5-24:47
50        android:name="com.newgate.pos.DYNAMIC_RECEIVER_NOT_EXPORTED_PERMISSION"
50-->[androidx.core:core:1.17.0] AndroidManifest.xml:23:9-81
51        android:protectionLevel="signature" />
51-->[androidx.core:core:1.17.0] AndroidManifest.xml:24:9-44
52
53    <uses-permission android:name="com.newgate.pos.DYNAMIC_RECEIVER_NOT_EXPORTED_PERMISSION" />
53-->[androidx.core:core:1.17.0] AndroidManifest.xml:26:5-97
53-->[androidx.core:core:1.17.0] AndroidManifest.xml:26:22-94
54
55    <application
55-->src/main/AndroidManifest.xml:27:5-87:19
56        android:allowBackup="false"
56-->src/main/AndroidManifest.xml:28:9-36
57        android:appComponentFactory="androidx.core.app.CoreComponentFactory"
57-->[androidx.core:core:1.17.0] AndroidManifest.xml:28:18-86
58        android:debuggable="true"
59        android:extractNativeLibs="false"
60        android:hardwareAccelerated="true"
60-->src/main/AndroidManifest.xml:34:9-43
61        android:icon="@mipmap/ic_launcher"
61-->src/main/AndroidManifest.xml:29:9-43
62        android:label="@string/app_name"
62-->src/main/AndroidManifest.xml:30:9-41
63        android:roundIcon="@mipmap/ic_launcher_round"
63-->src/main/AndroidManifest.xml:31:9-54
64        android:supportsRtl="true"
64-->src/main/AndroidManifest.xml:32:9-35
65        android:theme="@style/AppTheme" >
65-->src/main/AndroidManifest.xml:33:9-40
66        <activity
66-->src/main/AndroidManifest.xml:36:9-56:20
67            android:name="com.newgate.pos.MainActivity"
67-->src/main/AndroidManifest.xml:38:13-41
68            android:configChanges="orientation|keyboardHidden|keyboard|screenSize|locale|smallestScreenSize|screenLayout|uiMode"
68-->src/main/AndroidManifest.xml:37:13-129
69            android:exported="true"
69-->src/main/AndroidManifest.xml:45:13-36
70            android:icon="@mipmap/ic_launcher"
70-->src/main/AndroidManifest.xml:40:13-47
71            android:label="@string/app_name"
71-->src/main/AndroidManifest.xml:39:13-45
72            android:launchMode="singleTask"
72-->src/main/AndroidManifest.xml:43:13-44
73            android:roundIcon="@mipmap/ic_launcher_round"
73-->src/main/AndroidManifest.xml:41:13-58
74            android:theme="@style/AppTheme.NoActionBarLaunch"
74-->src/main/AndroidManifest.xml:42:13-62
75            android:windowSoftInputMode="adjustResize" >
75-->src/main/AndroidManifest.xml:44:13-55
76            <intent-filter>
76-->src/main/AndroidManifest.xml:47:13-50:29
77                <action android:name="android.intent.action.MAIN" />
77-->src/main/AndroidManifest.xml:48:17-69
77-->src/main/AndroidManifest.xml:48:25-66
78
79                <category android:name="android.intent.category.LAUNCHER" />
79-->src/main/AndroidManifest.xml:49:17-77
79-->src/main/AndroidManifest.xml:49:27-74
80            </intent-filter>
81
82            <!-- USB Printer / Scanner Auto-Attachment -->
83            <intent-filter>
83-->src/main/AndroidManifest.xml:53:13-55:29
84                <action android:name="android.hardware.usb.action.USB_DEVICE_ATTACHED" />
84-->src/main/AndroidManifest.xml:54:17-90
84-->src/main/AndroidManifest.xml:54:25-87
85            </intent-filter>
86        </activity>
87
88        <!-- BootReceiver: Auto-launches Newgate POS on boot / power-on / restart -->
89        <receiver
89-->src/main/AndroidManifest.xml:59:9-70:20
90            android:name="com.newgate.pos.receivers.BootReceiver"
90-->src/main/AndroidManifest.xml:60:13-51
91            android:enabled="true"
91-->src/main/AndroidManifest.xml:61:13-35
92            android:exported="true" >
92-->src/main/AndroidManifest.xml:62:13-36
93            <intent-filter android:priority="999" >
93-->src/main/AndroidManifest.xml:63:13-69:29
93-->src/main/AndroidManifest.xml:63:28-50
94                <action android:name="android.intent.action.BOOT_COMPLETED" />
94-->src/main/AndroidManifest.xml:64:17-79
94-->src/main/AndroidManifest.xml:64:25-76
95                <action android:name="android.intent.action.QUICKBOOT_POWERON" />
95-->src/main/AndroidManifest.xml:65:17-82
95-->src/main/AndroidManifest.xml:65:25-79
96                <action android:name="com.htc.intent.action.QUICKBOOT_POWERON" />
96-->src/main/AndroidManifest.xml:66:17-82
96-->src/main/AndroidManifest.xml:66:25-79
97                <action android:name="android.intent.action.MY_PACKAGE_REPLACED" />
97-->src/main/AndroidManifest.xml:67:17-84
97-->src/main/AndroidManifest.xml:67:25-81
98
99                <category android:name="android.intent.category.DEFAULT" />
99-->src/main/AndroidManifest.xml:68:17-76
99-->src/main/AndroidManifest.xml:68:27-73
100            </intent-filter>
101        </receiver>
102
103        <!-- Device Admin Receiver for dedicated POS appliance policy -->
104        <receiver
104-->src/main/AndroidManifest.xml:73:9-85:20
105            android:name="com.newgate.pos.admin.NewgateDeviceAdminReceiver"
105-->src/main/AndroidManifest.xml:74:13-61
106            android:description="@string/device_admin_description"
106-->src/main/AndroidManifest.xml:76:13-67
107            android:exported="true"
107-->src/main/AndroidManifest.xml:78:13-36
108            android:label="@string/device_admin_label"
108-->src/main/AndroidManifest.xml:75:13-55
109            android:permission="android.permission.BIND_DEVICE_ADMIN" >
109-->src/main/AndroidManifest.xml:77:13-70
110            <meta-data
110-->src/main/AndroidManifest.xml:79:13-81:65
111                android:name="android.app.device_admin"
111-->src/main/AndroidManifest.xml:80:17-56
112                android:resource="@xml/device_admin_receiver" />
112-->src/main/AndroidManifest.xml:81:17-62
113
114            <intent-filter>
114-->src/main/AndroidManifest.xml:82:13-84:29
115                <action android:name="android.app.action.DEVICE_ADMIN_ENABLED" />
115-->src/main/AndroidManifest.xml:83:17-82
115-->src/main/AndroidManifest.xml:83:25-79
116            </intent-filter>
117        </receiver>
118
119        <service
119-->[androidx.room:room-runtime:2.6.1] AndroidManifest.xml:24:9-28:63
120            android:name="androidx.room.MultiInstanceInvalidationService"
120-->[androidx.room:room-runtime:2.6.1] AndroidManifest.xml:25:13-74
121            android:directBootAware="true"
121-->[androidx.room:room-runtime:2.6.1] AndroidManifest.xml:26:13-43
122            android:exported="false" />
122-->[androidx.room:room-runtime:2.6.1] AndroidManifest.xml:27:13-37
123
124        <provider
124-->[androidx.emoji2:emoji2:1.3.0] AndroidManifest.xml:24:9-32:20
125            android:name="androidx.startup.InitializationProvider"
125-->[androidx.emoji2:emoji2:1.3.0] AndroidManifest.xml:25:13-67
126            android:authorities="com.newgate.pos.androidx-startup"
126-->[androidx.emoji2:emoji2:1.3.0] AndroidManifest.xml:26:13-68
127            android:exported="false" >
127-->[androidx.emoji2:emoji2:1.3.0] AndroidManifest.xml:27:13-37
128            <meta-data
128-->[androidx.emoji2:emoji2:1.3.0] AndroidManifest.xml:29:13-31:52
129                android:name="androidx.emoji2.text.EmojiCompatInitializer"
129-->[androidx.emoji2:emoji2:1.3.0] AndroidManifest.xml:30:17-75
130                android:value="androidx.startup" />
130-->[androidx.emoji2:emoji2:1.3.0] AndroidManifest.xml:31:17-49
131            <meta-data
131-->[androidx.lifecycle:lifecycle-process:2.6.2] AndroidManifest.xml:29:13-31:52
132                android:name="androidx.lifecycle.ProcessLifecycleInitializer"
132-->[androidx.lifecycle:lifecycle-process:2.6.2] AndroidManifest.xml:30:17-78
133                android:value="androidx.startup" />
133-->[androidx.lifecycle:lifecycle-process:2.6.2] AndroidManifest.xml:31:17-49
134            <meta-data
134-->[androidx.profileinstaller:profileinstaller:1.4.0] AndroidManifest.xml:29:13-31:52
135                android:name="androidx.profileinstaller.ProfileInstallerInitializer"
135-->[androidx.profileinstaller:profileinstaller:1.4.0] AndroidManifest.xml:30:17-85
136                android:value="androidx.startup" />
136-->[androidx.profileinstaller:profileinstaller:1.4.0] AndroidManifest.xml:31:17-49
137        </provider>
138
139        <receiver
139-->[androidx.profileinstaller:profileinstaller:1.4.0] AndroidManifest.xml:34:9-52:20
140            android:name="androidx.profileinstaller.ProfileInstallReceiver"
140-->[androidx.profileinstaller:profileinstaller:1.4.0] AndroidManifest.xml:35:13-76
141            android:directBootAware="false"
141-->[androidx.profileinstaller:profileinstaller:1.4.0] AndroidManifest.xml:36:13-44
142            android:enabled="true"
142-->[androidx.profileinstaller:profileinstaller:1.4.0] AndroidManifest.xml:37:13-35
143            android:exported="true"
143-->[androidx.profileinstaller:profileinstaller:1.4.0] AndroidManifest.xml:38:13-36
144            android:permission="android.permission.DUMP" >
144-->[androidx.profileinstaller:profileinstaller:1.4.0] AndroidManifest.xml:39:13-57
145            <intent-filter>
145-->[androidx.profileinstaller:profileinstaller:1.4.0] AndroidManifest.xml:40:13-42:29
146                <action android:name="androidx.profileinstaller.action.INSTALL_PROFILE" />
146-->[androidx.profileinstaller:profileinstaller:1.4.0] AndroidManifest.xml:41:17-91
146-->[androidx.profileinstaller:profileinstaller:1.4.0] AndroidManifest.xml:41:25-88
147            </intent-filter>
148            <intent-filter>
148-->[androidx.profileinstaller:profileinstaller:1.4.0] AndroidManifest.xml:43:13-45:29
149                <action android:name="androidx.profileinstaller.action.SKIP_FILE" />
149-->[androidx.profileinstaller:profileinstaller:1.4.0] AndroidManifest.xml:44:17-85
149-->[androidx.profileinstaller:profileinstaller:1.4.0] AndroidManifest.xml:44:25-82
150            </intent-filter>
151            <intent-filter>
151-->[androidx.profileinstaller:profileinstaller:1.4.0] AndroidManifest.xml:46:13-48:29
152                <action android:name="androidx.profileinstaller.action.SAVE_PROFILE" />
152-->[androidx.profileinstaller:profileinstaller:1.4.0] AndroidManifest.xml:47:17-88
152-->[androidx.profileinstaller:profileinstaller:1.4.0] AndroidManifest.xml:47:25-85
153            </intent-filter>
154            <intent-filter>
154-->[androidx.profileinstaller:profileinstaller:1.4.0] AndroidManifest.xml:49:13-51:29
155                <action android:name="androidx.profileinstaller.action.BENCHMARK_OPERATION" />
155-->[androidx.profileinstaller:profileinstaller:1.4.0] AndroidManifest.xml:50:17-95
155-->[androidx.profileinstaller:profileinstaller:1.4.0] AndroidManifest.xml:50:25-92
156            </intent-filter>
157        </receiver>
158    </application>
159
160</manifest>